<?xml version="1.0" encoding="UTF-8"?>
<testsuite name="com.example.dbchartgenerator.DbChartGeneratorApplicationTests" tests="1" skipped="0" failures="0" errors="0" timestamp="2019-08-06T21:37:19" hostname="MacBook-Air-de-PARK.local" time="0.103">
  <properties/>
  <testcase name="contextLoads" classname="com.example.dbchartgenerator.DbChartGeneratorApplicationTests" time="0.103"/>
  <system-out><![CDATA[17:37:06.692 [Test worker] DEBUG org.springframework.test.context.junit4.SpringJUnit4ClassRunner - SpringJUnit4ClassRunner constructor called with [class com.example.dbchartgenerator.DbChartGeneratorApplicationTests]
17:37:06.706 [Test worker] DEBUG org.springframework.test.context.BootstrapUtils - Instantiating CacheAwareContextLoaderDelegate from class [org.springframework.test.context.cache.DefaultCacheAwareContextLoaderDelegate]
17:37:06.717 [Test worker] DEBUG org.springframework.test.context.BootstrapUtils - Instantiating BootstrapContext using constructor [public org.springframework.test.context.support.DefaultBootstrapContext(java.lang.Class,org.springframework.test.context.CacheAwareContextLoaderDelegate)]
17:37:06.739 [Test worker] DEBUG org.springframework.test.context.BootstrapUtils - Instantiating TestContextBootstrapper for test class [com.example.dbchartgenerator.DbChartGeneratorApplicationTests] from class [org.springframework.boot.test.context.SpringBootTestContextBootstrapper]
17:37:06.762 [Test worker] INFO org.springframework.boot.test.context.SpringBootTestContextBootstrapper - Neither @ContextConfiguration nor @ContextHierarchy found for test class [com.example.dbchartgenerator.DbChartGeneratorApplicationTests], using SpringBootContextLoader
17:37:06.766 [Test worker] DEBUG org.springframework.test.context.support.AbstractContextLoader - Did not detect default resource location for test class [com.example.dbchartgenerator.DbChartGeneratorApplicationTests]: class path resource [com/example/dbchartgenerator/DbChartGeneratorApplicationTests-context.xml] does not exist
17:37:06.767 [Test worker] DEBUG org.springframework.test.context.support.AbstractContextLoader - Did not detect default resource location for test class [com.example.dbchartgenerator.DbChartGeneratorApplicationTests]: class path resource [com/example/dbchartgenerator/DbChartGeneratorApplicationTestsContext.groovy] does not exist
17:37:06.767 [Test worker] INFO org.springframework.test.context.support.AbstractContextLoader - Could not detect default resource locations for test class [com.example.dbchartgenerator.DbChartGeneratorApplicationTests]: no resource found for suffixes {-context.xml, Context.groovy}.
17:37:06.769 [Test worker] INFO org.springframework.test.context.support.AnnotationConfigContextLoaderUtils - Could not detect default configuration classes for test class [com.example.dbchartgenerator.DbChartGeneratorApplicationTests]: DbChartGeneratorApplicationTests does not declare any static, non-private, non-final, nested classes annotated with @Configuration.
17:37:06.848 [Test worker] DEBUG org.springframework.test.context.support.ActiveProfilesUtils - Could not find an 'annotation declaring class' for annotation type [org.springframework.test.context.ActiveProfiles] and class [com.example.dbchartgenerator.DbChartGeneratorApplicationTests]
17:37:06.965 [Test worker] DEBUG org.springframework.context.annotation.ClassPathScanningCandidateComponentProvider - Identified candidate component class: file [/Users/Daeun/Desktop/db-chart-generator/server/build/classes/java/main/com/example/dbchartgenerator/DbChartGeneratorApplication.class]
17:37:06.968 [Test worker] INFO org.springframework.boot.test.context.SpringBootTestContextBootstrapper - Found @SpringBootConfiguration com.example.dbchartgenerator.DbChartGeneratorApplication for test class com.example.dbchartgenerator.DbChartGeneratorApplicationTests
17:37:07.130 [Test worker] DEBUG org.springframework.boot.test.context.SpringBootTestContextBootstrapper - @TestExecutionListeners is not present for class [com.example.dbchartgenerator.DbChartGeneratorApplicationTests]: using defaults.
17:37:07.131 [Test worker] INFO org.springframework.boot.test.context.SpringBootTestContextBootstrapper - Loaded default TestExecutionListener class names from location [META-INF/spring.factories]: [org.springframework.boot.test.autoconfigure.restdocs.RestDocsTestExecutionListener, org.springframework.boot.test.autoconfigure.web.client.MockRestServiceServerResetTestExecutionListener, org.springframework.boot.test.autoconfigure.web.servlet.MockMvcPrintOnlyOnFailureTestExecutionListener, org.springframework.boot.test.autoconfigure.web.servlet.WebDriverTestExecutionListener, org.springframework.boot.test.mock.mockito.MockitoTestExecutionListener, org.springframework.boot.test.mock.mockito.ResetMocksTestExecutionListener, org.springframework.test.context.web.ServletTestExecutionListener, org.springframework.test.context.support.DirtiesContextBeforeModesTestExecutionListener, org.springframework.test.context.support.DependencyInjectionTestExecutionListener, org.springframework.test.context.support.DirtiesContextTestExecutionListener, org.springframework.test.context.transaction.TransactionalTestExecutionListener, org.springframework.test.context.jdbc.SqlScriptsTestExecutionListener]
17:37:07.166 [Test worker] INFO org.springframework.boot.test.context.SpringBootTestContextBootstrapper - Using TestExecutionListeners: [org.springframework.test.context.web.ServletTestExecutionListener@1286b6eb, org.springframework.test.context.support.DirtiesContextBeforeModesTestExecutionListener@54a314db, org.springframework.boot.test.mock.mockito.MockitoTestExecutionListener@34339614, org.springframework.boot.test.autoconfigure.SpringBootDependencyInjectionTestExecutionListener@6f1df342, org.springframework.test.context.support.DirtiesContextTestExecutionListener@488b31a4, org.springframework.test.context.transaction.TransactionalTestExecutionListener@442f1a2, org.springframework.test.context.jdbc.SqlScriptsTestExecutionListener@2ce95408, org.springframework.boot.test.autoconfigure.restdocs.RestDocsTestExecutionListener@2c6e2534, org.springframework.boot.test.autoconfigure.web.client.MockRestServiceServerResetTestExecutionListener@3d79270c, org.springframework.boot.test.autoconfigure.web.servlet.MockMvcPrintOnlyOnFailureTestExecutionListener@2e251ee0, org.springframework.boot.test.autoconfigure.web.servlet.WebDriverTestExecutionListener@488a4638, org.springframework.boot.test.mock.mockito.ResetMocksTestExecutionListener@15109d98]
17:37:07.171 [Test worker] DEBUG org.springframework.test.annotation.ProfileValueUtils - Retrieved @ProfileValueSourceConfiguration [null] for test class [com.example.dbchartgenerator.DbChartGeneratorApplicationTests]
17:37:07.183 [Test worker] DEBUG org.springframework.test.annotation.ProfileValueUtils - Retrieved ProfileValueSource type [class org.springframework.test.annotation.SystemProfileValueSource] for class [com.example.dbchartgenerator.DbChartGeneratorApplicationTests]
17:37:07.189 [Test worker] DEBUG org.springframework.test.annotation.ProfileValueUtils - Retrieved @ProfileValueSourceConfiguration [null] for test class [com.example.dbchartgenerator.DbChartGeneratorApplicationTests]
17:37:07.190 [Test worker] DEBUG org.springframework.test.annotation.ProfileValueUtils - Retrieved ProfileValueSource type [class org.springframework.test.annotation.SystemProfileValueSource] for class [com.example.dbchartgenerator.DbChartGeneratorApplicationTests]
17:37:07.198 [Test worker] DEBUG org.springframework.test.context.support.AbstractDirtiesContextTestExecutionListener - Before test class: context [DefaultTestContext@2e64730a testClass = DbChartGeneratorApplicationTests, testInstance = [null], testMethod = [null], testException = [null], mergedContextConfiguration = [WebMergedContextConfiguration@2dbb1193 testClass = DbChartGeneratorApplicationTests, locations = '{}', classes = '{class com.example.dbchartgenerator.DbChartGeneratorApplication}', contextInitializerClasses = '[]', activeProfiles = '{}', propertySourceLocations = '{}', propertySourceProperties = '{org.springframework.boot.test.context.SpringBootTestContextBootstrapper=true}', contextCustomizers = set[org.springframework.boot.test.autoconfigure.properties.PropertyMappingContextCustomizer@0, org.springframework.boot.test.autoconfigure.web.servlet.WebDriverContextCustomizerFactory$Customizer@661569f8, org.springframework.boot.test.context.filter.ExcludeFilterContextCustomizer@cfe872b, org.springframework.boot.test.json.DuplicateJsonObjectContextCustomizerFactory$DuplicateJsonObjectContextCustomizer@71e7ab0d, org.springframework.boot.test.mock.mockito.MockitoContextCustomizer@0, org.springframework.boot.test.web.client.TestRestTemplateContextCustomizer@343e20af], resourceBasePath = 'src/main/webapp', contextLoader = 'org.springframework.boot.test.context.SpringBootContextLoader', parent = [null]], attributes = map['org.springframework.test.context.web.ServletTestExecutionListener.activateListener' -> true]], class annotated with @DirtiesContext [false] with mode [null].
17:37:07.199 [Test worker] DEBUG org.springframework.test.annotation.ProfileValueUtils - Retrieved @ProfileValueSourceConfiguration [null] for test class [com.example.dbchartgenerator.DbChartGeneratorApplicationTests]
17:37:07.199 [Test worker] DEBUG org.springframework.test.annotation.ProfileValueUtils - Retrieved ProfileValueSource type [class org.springframework.test.annotation.SystemProfileValueSource] for class [com.example.dbchartgenerator.DbChartGeneratorApplicationTests]
17:37:07.234 [Test worker] DEBUG org.springframework.test.context.support.TestPropertySourceUtils - Adding inlined properties to environment: {spring.jmx.enabled=false, org.springframework.boot.test.context.SpringBootTestContextBootstrapper=true, server.port=-1}

  .   ____          _            __ _ _
 /\\ / ___'_ __ _ _(_)_ __  __ _ \ \ \ \
( ( )\___ | '_ | '_| | '_ \/ _` | \ \ \ \
 \\/  ___)| |_)| | | | | || (_| |  ) ) ) )
  '  |____| .__|_| |_|_| |_\__, | / / / /
 =========|_|==============|___/=/_/_/_/
 :: Spring Boot ::        (v2.1.6.RELEASE)

2019-08-06 17:37:07.948  INFO 2569 --- [    Test worker] c.e.d.DbChartGeneratorApplicationTests   : Starting DbChartGeneratorApplicationTests on MacBook-Air-de-PARK.local with PID 2569 (started by Daeun in /Users/Daeun/Desktop/db-chart-generator/server)
2019-08-06 17:37:07.953  INFO 2569 --- [    Test worker] c.e.d.DbChartGeneratorApplicationTests   : No active profile set, falling back to default profiles: default
2019-08-06 17:37:09.543  INFO 2569 --- [    Test worker] .s.d.r.c.RepositoryConfigurationDelegate : Bootstrapping Spring Data repositories in DEFAULT mode.
2019-08-06 17:37:09.707  INFO 2569 --- [    Test worker] .s.d.r.c.RepositoryConfigurationDelegate : Finished Spring Data repository scanning in 130ms. Found 1 repository interfaces.
2019-08-06 17:37:10.678  INFO 2569 --- [    Test worker] trationDelegate$BeanPostProcessorChecker : Bean 'org.springframework.transaction.annotation.ProxyTransactionManagementConfiguration' of type [org.springframework.transaction.annotation.ProxyTransactionManagementConfiguration$$EnhancerBySpringCGLIB$$2cc9121c] is not eligible for getting processed by all BeanPostProcessors (for example: not eligible for auto-proxying)
2019-08-06 17:37:11.164  INFO 2569 --- [    Test worker] com.zaxxer.hikari.HikariDataSource       : HikariPool-1 - Starting...
2019-08-06 17:37:12.550  INFO 2569 --- [    Test worker] com.zaxxer.hikari.HikariDataSource       : HikariPool-1 - Start completed.
2019-08-06 17:37:12.740  INFO 2569 --- [    Test worker] o.hibernate.jpa.internal.util.LogHelper  : HHH000204: Processing PersistenceUnitInfo [
	name: default
	...]
2019-08-06 17:37:12.926  INFO 2569 --- [    Test worker] org.hibernate.Version                    : HHH000412: Hibernate Core {5.3.10.Final}
2019-08-06 17:37:12.928  INFO 2569 --- [    Test worker] org.hibernate.cfg.Environment            : HHH000206: hibernate.properties not found
2019-08-06 17:37:13.325  INFO 2569 --- [    Test worker] o.hibernate.annotations.common.Version   : HCANN000001: Hibernate Commons Annotations {5.0.5.Final}
2019-08-06 17:37:13.629  INFO 2569 --- [    Test worker] org.hibernate.dialect.Dialect            : HHH000400: Using dialect: org.hibernate.dialect.MySQL5Dialect
2019-08-06 17:37:14.410  INFO 2569 --- [    Test worker] org.hibernate.search.engine.Version      : HSEARCH000034: Hibernate Search 5.10.6.Final
2019-08-06 17:37:15.145 DEBUG 2569 --- [    Test worker] org.hibernate.SQL                        : 
    
    drop table if exists passengers
2019-08-06 17:37:15.273 DEBUG 2569 --- [    Test worker] org.hibernate.SQL                        : 
    
    create table passengers (
       passengerid integer not null,
        age integer,
        cabin varchar(255),
        embarked varchar(255),
        fare varchar(255),
        name varchar(255),
        parch varchar(255),
        pclass integer,
        sex varchar(255),
        sibsp integer,
        survived integer,
        ticket varchar(255),
        primary key (passengerid)
    ) engine=MyISAM
2019-08-06 17:37:15.359  INFO 2569 --- [    Test worker] o.h.t.schema.internal.SchemaCreatorImpl  : HHH000476: Executing import script 'org.hibernate.tool.schema.internal.exec.ScriptSourceInputNonExistentImpl@30a28167'
2019-08-06 17:37:15.807  INFO 2569 --- [    Test worker] j.LocalContainerEntityManagerFactoryBean : Initialized JPA EntityManagerFactory for persistence unit 'default'
2019-08-06 17:37:17.007 DEBUG 2569 --- [ntifierloader-1] org.hibernate.SQL                        : 
    select
        count(*) as y0_ 
    from
        passengers this_
2019-08-06 17:37:17.083  INFO 2569 --- [ntifierloader-1] o.h.s.b.i.SimpleIndexingProgressMonitor  : HSEARCH000027: Going to reindex 0 entities
2019-08-06 17:37:17.085 DEBUG 2569 --- [ntifierloader-1] org.hibernate.SQL                        : 
    select
        this_.passengerid as y0_ 
    from
        passengers this_
2019-08-06 17:37:17.172  INFO 2569 --- [    Test worker] o.h.s.b.i.SimpleIndexingProgressMonitor  : HSEARCH000028: Reindexed 0 entities
2019-08-06 17:37:17.206 DEBUG 2569 --- [ntifierloader-1] org.hibernate.SQL                        : 
    select
        count(*) as y0_ 
    from
        passengers this_
2019-08-06 17:37:17.234  INFO 2569 --- [ntifierloader-1] o.h.s.b.i.SimpleIndexingProgressMonitor  : HSEARCH000027: Going to reindex 0 entities
2019-08-06 17:37:17.235 DEBUG 2569 --- [ntifierloader-1] org.hibernate.SQL                        : 
    select
        this_.passengerid as y0_ 
    from
        passengers this_
2019-08-06 17:37:17.316  INFO 2569 --- [    Test worker] o.h.s.b.i.SimpleIndexingProgressMonitor  : HSEARCH000028: Reindexed 0 entities
2019-08-06 17:37:18.554  INFO 2569 --- [    Test worker] o.s.s.concurrent.ThreadPoolTaskExecutor  : Initializing ExecutorService 'applicationTaskExecutor'
2019-08-06 17:37:18.900  INFO 2569 --- [    Test worker] o.s.b.a.w.s.WelcomePageHandlerMapping    : Adding welcome page: class path resource [static/index.html]
2019-08-06 17:37:19.455  INFO 2569 --- [    Test worker] c.e.d.DbChartGeneratorApplicationTests   : Started DbChartGeneratorApplicationTests in 12.202 seconds (JVM running for 14.736)
]]></system-out>
  <system-err><![CDATA[]]></system-err>
</testsuite>
