<?xml version="1.0" encoding="UTF-8"?>
<testsuite name="com.example.dbchartgenerator.DbChartGeneratorApplicationTests" tests="1" skipped="0" failures="0" errors="0" timestamp="2019-08-05T16:10:09" hostname="MacBook-Air-de-PARK.local" time="0.087">
  <properties/>
  <testcase name="contextLoads" classname="com.example.dbchartgenerator.DbChartGeneratorApplicationTests" time="0.087"/>
  <system-out><![CDATA[12:09:59.592 [Test worker] DEBUG org.springframework.test.context.junit4.SpringJUnit4ClassRunner - SpringJUnit4ClassRunner constructor called with [class com.example.dbchartgenerator.DbChartGeneratorApplicationTests]
12:09:59.604 [Test worker] DEBUG org.springframework.test.context.BootstrapUtils - Instantiating CacheAwareContextLoaderDelegate from class [org.springframework.test.context.cache.DefaultCacheAwareContextLoaderDelegate]
12:09:59.613 [Test worker] DEBUG org.springframework.test.context.BootstrapUtils - Instantiating BootstrapContext using constructor [public org.springframework.test.context.support.DefaultBootstrapContext(java.lang.Class,org.springframework.test.context.CacheAwareContextLoaderDelegate)]
12:09:59.635 [Test worker] DEBUG org.springframework.test.context.BootstrapUtils - Instantiating TestContextBootstrapper for test class [com.example.dbchartgenerator.DbChartGeneratorApplicationTests] from class [org.springframework.boot.test.context.SpringBootTestContextBootstrapper]
12:09:59.652 [Test worker] INFO org.springframework.boot.test.context.SpringBootTestContextBootstrapper - Neither @ContextConfiguration nor @ContextHierarchy found for test class [com.example.dbchartgenerator.DbChartGeneratorApplicationTests], using SpringBootContextLoader
12:09:59.656 [Test worker] DEBUG org.springframework.test.context.support.AbstractContextLoader - Did not detect default resource location for test class [com.example.dbchartgenerator.DbChartGeneratorApplicationTests]: class path resource [com/example/dbchartgenerator/DbChartGeneratorApplicationTests-context.xml] does not exist
12:09:59.657 [Test worker] DEBUG org.springframework.test.context.support.AbstractContextLoader - Did not detect default resource location for test class [com.example.dbchartgenerator.DbChartGeneratorApplicationTests]: class path resource [com/example/dbchartgenerator/DbChartGeneratorApplicationTestsContext.groovy] does not exist
12:09:59.657 [Test worker] INFO org.springframework.test.context.support.AbstractContextLoader - Could not detect default resource locations for test class [com.example.dbchartgenerator.DbChartGeneratorApplicationTests]: no resource found for suffixes {-context.xml, Context.groovy}.
12:09:59.659 [Test worker] INFO org.springframework.test.context.support.AnnotationConfigContextLoaderUtils - Could not detect default configuration classes for test class [com.example.dbchartgenerator.DbChartGeneratorApplicationTests]: DbChartGeneratorApplicationTests does not declare any static, non-private, non-final, nested classes annotated with @Configuration.
12:09:59.724 [Test worker] DEBUG org.springframework.test.context.support.ActiveProfilesUtils - Could not find an 'annotation declaring class' for annotation type [org.springframework.test.context.ActiveProfiles] and class [com.example.dbchartgenerator.DbChartGeneratorApplicationTests]
12:09:59.820 [Test worker] DEBUG org.springframework.context.annotation.ClassPathScanningCandidateComponentProvider - Identified candidate component class: file [/Users/Daeun/Desktop/db-chart-generator/server/build/classes/java/main/com/example/dbchartgenerator/DbChartGeneratorApplication.class]
12:09:59.822 [Test worker] INFO org.springframework.boot.test.context.SpringBootTestContextBootstrapper - Found @SpringBootConfiguration com.example.dbchartgenerator.DbChartGeneratorApplication for test class com.example.dbchartgenerator.DbChartGeneratorApplicationTests
12:09:59.976 [Test worker] DEBUG org.springframework.boot.test.context.SpringBootTestContextBootstrapper - @TestExecutionListeners is not present for class [com.example.dbchartgenerator.DbChartGeneratorApplicationTests]: using defaults.
12:09:59.977 [Test worker] INFO org.springframework.boot.test.context.SpringBootTestContextBootstrapper - Loaded default TestExecutionListener class names from location [META-INF/spring.factories]: [org.springframework.boot.test.autoconfigure.restdocs.RestDocsTestExecutionListener, org.springframework.boot.test.autoconfigure.web.client.MockRestServiceServerResetTestExecutionListener, org.springframework.boot.test.autoconfigure.web.servlet.MockMvcPrintOnlyOnFailureTestExecutionListener, org.springframework.boot.test.autoconfigure.web.servlet.WebDriverTestExecutionListener, org.springframework.boot.test.mock.mockito.MockitoTestExecutionListener, org.springframework.boot.test.mock.mockito.ResetMocksTestExecutionListener, org.springframework.test.context.web.ServletTestExecutionListener, org.springframework.test.context.support.DirtiesContextBeforeModesTestExecutionListener, org.springframework.test.context.support.DependencyInjectionTestExecutionListener, org.springframework.test.context.support.DirtiesContextTestExecutionListener, org.springframework.test.context.transaction.TransactionalTestExecutionListener, org.springframework.test.context.jdbc.SqlScriptsTestExecutionListener]
12:09:59.999 [Test worker] INFO org.springframework.boot.test.context.SpringBootTestContextBootstrapper - Using TestExecutionListeners: [org.springframework.test.context.web.ServletTestExecutionListener@12b7751f, org.springframework.test.context.support.DirtiesContextBeforeModesTestExecutionListener@38a221c3, org.springframework.boot.test.mock.mockito.MockitoTestExecutionListener@69d60748, org.springframework.boot.test.autoconfigure.SpringBootDependencyInjectionTestExecutionListener@5c3bf68c, org.springframework.test.context.support.DirtiesContextTestExecutionListener@750d6f99, org.springframework.test.context.transaction.TransactionalTestExecutionListener@5c88f4c2, org.springframework.test.context.jdbc.SqlScriptsTestExecutionListener@53d545c, org.springframework.boot.test.autoconfigure.restdocs.RestDocsTestExecutionListener@6314de1, org.springframework.boot.test.autoconfigure.web.client.MockRestServiceServerResetTestExecutionListener@185e8b19, org.springframework.boot.test.autoconfigure.web.servlet.MockMvcPrintOnlyOnFailureTestExecutionListener@36b5234, org.springframework.boot.test.autoconfigure.web.servlet.WebDriverTestExecutionListener@6c1b69b1, org.springframework.boot.test.mock.mockito.ResetMocksTestExecutionListener@60497f96]
12:10:00.004 [Test worker] DEBUG org.springframework.test.annotation.ProfileValueUtils - Retrieved @ProfileValueSourceConfiguration [null] for test class [com.example.dbchartgenerator.DbChartGeneratorApplicationTests]
12:10:00.005 [Test worker] DEBUG org.springframework.test.annotation.ProfileValueUtils - Retrieved ProfileValueSource type [class org.springframework.test.annotation.SystemProfileValueSource] for class [com.example.dbchartgenerator.DbChartGeneratorApplicationTests]
12:10:00.006 [Test worker] DEBUG org.springframework.test.annotation.ProfileValueUtils - Retrieved @ProfileValueSourceConfiguration [null] for test class [com.example.dbchartgenerator.DbChartGeneratorApplicationTests]
12:10:00.007 [Test worker] DEBUG org.springframework.test.annotation.ProfileValueUtils - Retrieved ProfileValueSource type [class org.springframework.test.annotation.SystemProfileValueSource] for class [com.example.dbchartgenerator.DbChartGeneratorApplicationTests]
12:10:00.014 [Test worker] DEBUG org.springframework.test.context.support.AbstractDirtiesContextTestExecutionListener - Before test class: context [DefaultTestContext@469f4b1d testClass = DbChartGeneratorApplicationTests, testInstance = [null], testMethod = [null], testException = [null], mergedContextConfiguration = [WebMergedContextConfiguration@4ffed300 testClass = DbChartGeneratorApplicationTests, locations = '{}', classes = '{class com.example.dbchartgenerator.DbChartGeneratorApplication}', contextInitializerClasses = '[]', activeProfiles = '{}', propertySourceLocations = '{}', propertySourceProperties = '{org.springframework.boot.test.context.SpringBootTestContextBootstrapper=true}', contextCustomizers = set[org.springframework.boot.test.autoconfigure.properties.PropertyMappingContextCustomizer@0, org.springframework.boot.test.autoconfigure.web.servlet.WebDriverContextCustomizerFactory$Customizer@1566ec88, org.springframework.boot.test.context.filter.ExcludeFilterContextCustomizer@452e1738, org.springframework.boot.test.json.DuplicateJsonObjectContextCustomizerFactory$DuplicateJsonObjectContextCustomizer@18c9ff44, org.springframework.boot.test.mock.mockito.MockitoContextCustomizer@0, org.springframework.boot.test.web.client.TestRestTemplateContextCustomizer@4fae302], resourceBasePath = 'src/main/webapp', contextLoader = 'org.springframework.boot.test.context.SpringBootContextLoader', parent = [null]], attributes = map['org.springframework.test.context.web.ServletTestExecutionListener.activateListener' -> true]], class annotated with @DirtiesContext [false] with mode [null].
12:10:00.015 [Test worker] DEBUG org.springframework.test.annotation.ProfileValueUtils - Retrieved @ProfileValueSourceConfiguration [null] for test class [com.example.dbchartgenerator.DbChartGeneratorApplicationTests]
12:10:00.015 [Test worker] DEBUG org.springframework.test.annotation.ProfileValueUtils - Retrieved ProfileValueSource type [class org.springframework.test.annotation.SystemProfileValueSource] for class [com.example.dbchartgenerator.DbChartGeneratorApplicationTests]
12:10:00.038 [Test worker] DEBUG org.springframework.test.context.support.TestPropertySourceUtils - Adding inlined properties to environment: {spring.jmx.enabled=false, org.springframework.boot.test.context.SpringBootTestContextBootstrapper=true, server.port=-1}

  .   ____          _            __ _ _
 /\\ / ___'_ __ _ _(_)_ __  __ _ \ \ \ \
( ( )\___ | '_ | '_| | '_ \/ _` | \ \ \ \
 \\/  ___)| |_)| | | | | || (_| |  ) ) ) )
  '  |____| .__|_| |_|_| |_\__, | / / / /
 =========|_|==============|___/=/_/_/_/
 :: Spring Boot ::        (v2.1.6.RELEASE)

2019-08-05 12:10:00.534  INFO 3460 --- [    Test worker] c.e.d.DbChartGeneratorApplicationTests   : Starting DbChartGeneratorApplicationTests on MacBook-Air-de-PARK.local with PID 3460 (started by Daeun in /Users/Daeun/Desktop/db-chart-generator/server)
2019-08-05 12:10:00.536  INFO 3460 --- [    Test worker] c.e.d.DbChartGeneratorApplicationTests   : No active profile set, falling back to default profiles: default
2019-08-05 12:10:01.667  INFO 3460 --- [    Test worker] .s.d.r.c.RepositoryConfigurationDelegate : Bootstrapping Spring Data repositories in DEFAULT mode.
2019-08-05 12:10:01.746  INFO 3460 --- [    Test worker] .s.d.r.c.RepositoryConfigurationDelegate : Finished Spring Data repository scanning in 69ms. Found 1 repository interfaces.
2019-08-05 12:10:02.496  INFO 3460 --- [    Test worker] trationDelegate$BeanPostProcessorChecker : Bean 'org.springframework.transaction.annotation.ProxyTransactionManagementConfiguration' of type [org.springframework.transaction.annotation.ProxyTransactionManagementConfiguration$$EnhancerBySpringCGLIB$$a6990966] is not eligible for getting processed by all BeanPostProcessors (for example: not eligible for auto-proxying)
2019-08-05 12:10:02.867  INFO 3460 --- [    Test worker] com.zaxxer.hikari.HikariDataSource       : HikariPool-1 - Starting...
2019-08-05 12:10:04.145  INFO 3460 --- [    Test worker] com.zaxxer.hikari.HikariDataSource       : HikariPool-1 - Start completed.
2019-08-05 12:10:04.258  INFO 3460 --- [    Test worker] o.hibernate.jpa.internal.util.LogHelper  : HHH000204: Processing PersistenceUnitInfo [
	name: default
	...]
2019-08-05 12:10:04.386  INFO 3460 --- [    Test worker] org.hibernate.Version                    : HHH000412: Hibernate Core {5.3.10.Final}
2019-08-05 12:10:04.388  INFO 3460 --- [    Test worker] org.hibernate.cfg.Environment            : HHH000206: hibernate.properties not found
2019-08-05 12:10:04.601  INFO 3460 --- [    Test worker] o.hibernate.annotations.common.Version   : HCANN000001: Hibernate Commons Annotations {5.0.5.Final}
2019-08-05 12:10:04.844  INFO 3460 --- [    Test worker] org.hibernate.dialect.Dialect            : HHH000400: Using dialect: org.hibernate.dialect.MySQL5Dialect
2019-08-05 12:10:05.261  INFO 3460 --- [    Test worker] org.hibernate.search.engine.Version      : HSEARCH000034: Hibernate Search 5.10.6.Final
2019-08-05 12:10:05.731 DEBUG 3460 --- [    Test worker] org.hibernate.SQL                        : 
    
    drop table if exists passengers
2019-08-05 12:10:05.873 DEBUG 3460 --- [    Test worker] org.hibernate.SQL                        : 
    
    create table passengers (
       passengerid integer not null,
        age integer,
        cabin varchar(255),
        embarked varchar(255),
        fare varchar(255),
        name varchar(255),
        parch varchar(255),
        pclass integer,
        sex varchar(255),
        sibsp integer,
        survived integer,
        ticket varchar(255),
        primary key (passengerid)
    ) engine=MyISAM
2019-08-05 12:10:05.962  INFO 3460 --- [    Test worker] o.h.t.schema.internal.SchemaCreatorImpl  : HHH000476: Executing import script 'org.hibernate.tool.schema.internal.exec.ScriptSourceInputNonExistentImpl@74218672'
2019-08-05 12:10:06.368  INFO 3460 --- [    Test worker] j.LocalContainerEntityManagerFactoryBean : Initialized JPA EntityManagerFactory for persistence unit 'default'
2019-08-05 12:10:07.267 DEBUG 3460 --- [ntifierloader-1] org.hibernate.SQL                        : 
    select
        count(*) as y0_ 
    from
        passengers this_
2019-08-05 12:10:07.328  INFO 3460 --- [ntifierloader-1] o.h.s.b.i.SimpleIndexingProgressMonitor  : HSEARCH000027: Going to reindex 0 entities
2019-08-05 12:10:07.330 DEBUG 3460 --- [ntifierloader-1] org.hibernate.SQL                        : 
    select
        this_.passengerid as y0_ 
    from
        passengers this_
2019-08-05 12:10:07.418  INFO 3460 --- [    Test worker] o.h.s.b.i.SimpleIndexingProgressMonitor  : HSEARCH000028: Reindexed 0 entities
2019-08-05 12:10:07.450 DEBUG 3460 --- [ntifierloader-1] org.hibernate.SQL                        : 
    select
        count(*) as y0_ 
    from
        passengers this_
2019-08-05 12:10:07.481  INFO 3460 --- [ntifierloader-1] o.h.s.b.i.SimpleIndexingProgressMonitor  : HSEARCH000027: Going to reindex 0 entities
2019-08-05 12:10:07.482 DEBUG 3460 --- [ntifierloader-1] org.hibernate.SQL                        : 
    select
        this_.passengerid as y0_ 
    from
        passengers this_
2019-08-05 12:10:07.566  INFO 3460 --- [    Test worker] o.h.s.b.i.SimpleIndexingProgressMonitor  : HSEARCH000028: Reindexed 0 entities
2019-08-05 12:10:08.471  INFO 3460 --- [    Test worker] o.s.s.concurrent.ThreadPoolTaskExecutor  : Initializing ExecutorService 'applicationTaskExecutor'
2019-08-05 12:10:08.740  INFO 3460 --- [    Test worker] o.s.b.a.w.s.WelcomePageHandlerMapping    : Adding welcome page: class path resource [static/index.html]
2019-08-05 12:10:09.096  INFO 3460 --- [    Test worker] c.e.d.DbChartGeneratorApplicationTests   : Started DbChartGeneratorApplicationTests in 9.043 seconds (JVM running for 10.429)
]]></system-out>
  <system-err><![CDATA[]]></system-err>
</testsuite>
